<?xml version="1.0" encoding="UTF-8"?>
<testsuite xmlns:xsi="http://www.w3.org/2001/XMLSchema-instance" xsi:noNamespaceSchemaLocation="https://maven.apache.org/surefire/maven-surefire-plugin/xsd/surefire-test-report.xsd" name="org.example.AppTest" time="5.651" tests="1" errors="0" skipped="0" failures="0">
  <properties>
    <property name="java.specification.version" value="16"/>
    <property name="sun.jnu.encoding" value="UTF-8"/>
    <property name="java.class.path" value="/Users/pavelpulyk/IdeaProjects/tets-for-job/target/test-classes:/Users/pavelpulyk/IdeaProjects/tets-for-job/target/classes:/Users/pavelpulyk/.m2/repository/org/junit/jupiter/junit-jupiter/5.8.2/junit-jupiter-5.8.2.jar:/Users/pavelpulyk/.m2/repository/org/junit/jupiter/junit-jupiter-api/5.8.2/junit-jupiter-api-5.8.2.jar:/Users/pavelpulyk/.m2/repository/org/opentest4j/opentest4j/1.2.0/opentest4j-1.2.0.jar:/Users/pavelpulyk/.m2/repository/org/junit/platform/junit-platform-commons/1.8.2/junit-platform-commons-1.8.2.jar:/Users/pavelpulyk/.m2/repository/org/apiguardian/apiguardian-api/1.1.2/apiguardian-api-1.1.2.jar:/Users/pavelpulyk/.m2/repository/org/junit/jupiter/junit-jupiter-params/5.8.2/junit-jupiter-params-5.8.2.jar:/Users/pavelpulyk/.m2/repository/org/junit/jupiter/junit-jupiter-engine/5.8.2/junit-jupiter-engine-5.8.2.jar:/Users/pavelpulyk/.m2/repository/org/junit/platform/junit-platform-engine/1.8.2/junit-platform-engine-1.8.2.jar:/Users/pavelpulyk/.m2/repository/org/projectlombok/lombok/1.18.22/lombok-1.18.22.jar:/Users/pavelpulyk/.m2/repository/org/assertj/assertj-core/3.22.0/assertj-core-3.22.0.jar:/Users/pavelpulyk/.m2/repository/ch/qos/logback/logback-core/1.2.6/logback-core-1.2.6.jar:/Users/pavelpulyk/.m2/repository/ch/qos/logback/logback-classic/1.2.6/logback-classic-1.2.6.jar:/Users/pavelpulyk/.m2/repository/org/slf4j/slf4j-api/1.7.32/slf4j-api-1.7.32.jar:/Users/pavelpulyk/.m2/repository/io/qameta/allure/allure-junit5/2.16.1/allure-junit5-2.16.1.jar:/Users/pavelpulyk/.m2/repository/io/qameta/allure/allure-junit-platform/2.16.1/allure-junit-platform-2.16.1.jar:/Users/pavelpulyk/.m2/repository/io/qameta/allure/allure-java-commons/2.16.1/allure-java-commons-2.16.1.jar:/Users/pavelpulyk/.m2/repository/io/qameta/allure/allure-model/2.16.1/allure-model-2.16.1.jar:/Users/pavelpulyk/.m2/repository/io/qameta/allure/allure-test-filter/2.16.1/allure-test-filter-2.16.1.jar:/Users/pavelpulyk/.m2/repository/org/junit/platform/junit-platform-launcher/1.8.1/junit-platform-launcher-1.8.1.jar:/Users/pavelpulyk/.m2/repository/org/aeonbits/owner/owner/1.0.12/owner-1.0.12.jar:/Users/pavelpulyk/.m2/repository/io/rest-assured/rest-assured/4.5.1/rest-assured-4.5.1.jar:/Users/pavelpulyk/.m2/repository/org/codehaus/groovy/groovy/3.0.9/groovy-3.0.9.jar:/Users/pavelpulyk/.m2/repository/org/codehaus/groovy/groovy-xml/3.0.9/groovy-xml-3.0.9.jar:/Users/pavelpulyk/.m2/repository/org/apache/httpcomponents/httpclient/4.5.13/httpclient-4.5.13.jar:/Users/pavelpulyk/.m2/repository/org/apache/httpcomponents/httpcore/4.4.13/httpcore-4.4.13.jar:/Users/pavelpulyk/.m2/repository/commons-logging/commons-logging/1.2/commons-logging-1.2.jar:/Users/pavelpulyk/.m2/repository/commons-codec/commons-codec/1.11/commons-codec-1.11.jar:/Users/pavelpulyk/.m2/repository/org/apache/httpcomponents/httpmime/4.5.13/httpmime-4.5.13.jar:/Users/pavelpulyk/.m2/repository/org/hamcrest/hamcrest/2.1/hamcrest-2.1.jar:/Users/pavelpulyk/.m2/repository/org/ccil/cowan/tagsoup/tagsoup/1.2.1/tagsoup-1.2.1.jar:/Users/pavelpulyk/.m2/repository/io/rest-assured/json-path/4.5.1/json-path-4.5.1.jar:/Users/pavelpulyk/.m2/repository/org/codehaus/groovy/groovy-json/3.0.9/groovy-json-3.0.9.jar:/Users/pavelpulyk/.m2/repository/io/rest-assured/rest-assured-common/4.5.1/rest-assured-common-4.5.1.jar:/Users/pavelpulyk/.m2/repository/io/rest-assured/xml-path/4.5.1/xml-path-4.5.1.jar:/Users/pavelpulyk/.m2/repository/io/qameta/allure/allure-rest-assured/2.16.1/allure-rest-assured-2.16.1.jar:/Users/pavelpulyk/.m2/repository/io/qameta/allure/allure-attachments/2.16.1/allure-attachments-2.16.1.jar:/Users/pavelpulyk/.m2/repository/org/freemarker/freemarker/2.3.31/freemarker-2.3.31.jar:/Users/pavelpulyk/.m2/repository/com/github/javafaker/javafaker/1.0.2/javafaker-1.0.2.jar:/Users/pavelpulyk/.m2/repository/org/apache/commons/commons-lang3/3.5/commons-lang3-3.5.jar:/Users/pavelpulyk/.m2/repository/org/yaml/snakeyaml/1.23/snakeyaml-1.23-android.jar:/Users/pavelpulyk/.m2/repository/com/github/mifmif/generex/1.0.2/generex-1.0.2.jar:/Users/pavelpulyk/.m2/repository/dk/brics/automaton/automaton/1.11-8/automaton-1.11-8.jar:"/>
    <property name="java.vm.vendor" value="Azul Systems, Inc."/>
    <property name="sun.arch.data.model" value="64"/>
    <property name="java.vendor.url" value="http://www.azul.com/"/>
    <property name="user.timezone" value="Europe/Moscow"/>
    <property name="os.name" value="Mac OS X"/>
    <property name="java.vm.specification.version" value="16"/>
    <property name="sun.java.launcher" value="SUN_STANDARD"/>
    <property name="user.country" value="RU"/>
    <property name="sun.boot.library.path" value="/Users/pavelpulyk/Library/Java/JavaVirtualMachines/azul-16.0.2/Contents/Home/lib"/>
    <property name="sun.java.command" value="/Users/pavelpulyk/IdeaProjects/tets-for-job/target/surefire/surefirebooter4917385952347144739.jar /Users/pavelpulyk/IdeaProjects/tets-for-job/target/surefire 2023-07-05T09-53-48_452-jvmRun1 surefire6030944578494449927tmp surefire_01910480861635585235tmp"/>
    <property name="http.nonProxyHosts" value="local|*.local|169.254/16|*.169.254/16"/>
    <property name="jdk.debug" value="release"/>
    <property name="surefire.test.class.path" value="/Users/pavelpulyk/IdeaProjects/tets-for-job/target/test-classes:/Users/pavelpulyk/IdeaProjects/tets-for-job/target/classes:/Users/pavelpulyk/.m2/repository/org/junit/jupiter/junit-jupiter/5.8.2/junit-jupiter-5.8.2.jar:/Users/pavelpulyk/.m2/repository/org/junit/jupiter/junit-jupiter-api/5.8.2/junit-jupiter-api-5.8.2.jar:/Users/pavelpulyk/.m2/repository/org/opentest4j/opentest4j/1.2.0/opentest4j-1.2.0.jar:/Users/pavelpulyk/.m2/repository/org/junit/platform/junit-platform-commons/1.8.2/junit-platform-commons-1.8.2.jar:/Users/pavelpulyk/.m2/repository/org/apiguardian/apiguardian-api/1.1.2/apiguardian-api-1.1.2.jar:/Users/pavelpulyk/.m2/repository/org/junit/jupiter/junit-jupiter-params/5.8.2/junit-jupiter-params-5.8.2.jar:/Users/pavelpulyk/.m2/repository/org/junit/jupiter/junit-jupiter-engine/5.8.2/junit-jupiter-engine-5.8.2.jar:/Users/pavelpulyk/.m2/repository/org/junit/platform/junit-platform-engine/1.8.2/junit-platform-engine-1.8.2.jar:/Users/pavelpulyk/.m2/repository/org/projectlombok/lombok/1.18.22/lombok-1.18.22.jar:/Users/pavelpulyk/.m2/repository/org/assertj/assertj-core/3.22.0/assertj-core-3.22.0.jar:/Users/pavelpulyk/.m2/repository/ch/qos/logback/logback-core/1.2.6/logback-core-1.2.6.jar:/Users/pavelpulyk/.m2/repository/ch/qos/logback/logback-classic/1.2.6/logback-classic-1.2.6.jar:/Users/pavelpulyk/.m2/repository/org/slf4j/slf4j-api/1.7.32/slf4j-api-1.7.32.jar:/Users/pavelpulyk/.m2/repository/io/qameta/allure/allure-junit5/2.16.1/allure-junit5-2.16.1.jar:/Users/pavelpulyk/.m2/repository/io/qameta/allure/allure-junit-platform/2.16.1/allure-junit-platform-2.16.1.jar:/Users/pavelpulyk/.m2/repository/io/qameta/allure/allure-java-commons/2.16.1/allure-java-commons-2.16.1.jar:/Users/pavelpulyk/.m2/repository/io/qameta/allure/allure-model/2.16.1/allure-model-2.16.1.jar:/Users/pavelpulyk/.m2/repository/io/qameta/allure/allure-test-filter/2.16.1/allure-test-filter-2.16.1.jar:/Users/pavelpulyk/.m2/repository/org/junit/platform/junit-platform-launcher/1.8.1/junit-platform-launcher-1.8.1.jar:/Users/pavelpulyk/.m2/repository/org/aeonbits/owner/owner/1.0.12/owner-1.0.12.jar:/Users/pavelpulyk/.m2/repository/io/rest-assured/rest-assured/4.5.1/rest-assured-4.5.1.jar:/Users/pavelpulyk/.m2/repository/org/codehaus/groovy/groovy/3.0.9/groovy-3.0.9.jar:/Users/pavelpulyk/.m2/repository/org/codehaus/groovy/groovy-xml/3.0.9/groovy-xml-3.0.9.jar:/Users/pavelpulyk/.m2/repository/org/apache/httpcomponents/httpclient/4.5.13/httpclient-4.5.13.jar:/Users/pavelpulyk/.m2/repository/org/apache/httpcomponents/httpcore/4.4.13/httpcore-4.4.13.jar:/Users/pavelpulyk/.m2/repository/commons-logging/commons-logging/1.2/commons-logging-1.2.jar:/Users/pavelpulyk/.m2/repository/commons-codec/commons-codec/1.11/commons-codec-1.11.jar:/Users/pavelpulyk/.m2/repository/org/apache/httpcomponents/httpmime/4.5.13/httpmime-4.5.13.jar:/Users/pavelpulyk/.m2/repository/org/hamcrest/hamcrest/2.1/hamcrest-2.1.jar:/Users/pavelpulyk/.m2/repository/org/ccil/cowan/tagsoup/tagsoup/1.2.1/tagsoup-1.2.1.jar:/Users/pavelpulyk/.m2/repository/io/rest-assured/json-path/4.5.1/json-path-4.5.1.jar:/Users/pavelpulyk/.m2/repository/org/codehaus/groovy/groovy-json/3.0.9/groovy-json-3.0.9.jar:/Users/pavelpulyk/.m2/repository/io/rest-assured/rest-assured-common/4.5.1/rest-assured-common-4.5.1.jar:/Users/pavelpulyk/.m2/repository/io/rest-assured/xml-path/4.5.1/xml-path-4.5.1.jar:/Users/pavelpulyk/.m2/repository/io/qameta/allure/allure-rest-assured/2.16.1/allure-rest-assured-2.16.1.jar:/Users/pavelpulyk/.m2/repository/io/qameta/allure/allure-attachments/2.16.1/allure-attachments-2.16.1.jar:/Users/pavelpulyk/.m2/repository/org/freemarker/freemarker/2.3.31/freemarker-2.3.31.jar:/Users/pavelpulyk/.m2/repository/com/github/javafaker/javafaker/1.0.2/javafaker-1.0.2.jar:/Users/pavelpulyk/.m2/repository/org/apache/commons/commons-lang3/3.5/commons-lang3-3.5.jar:/Users/pavelpulyk/.m2/repository/org/yaml/snakeyaml/1.23/snakeyaml-1.23-android.jar:/Users/pavelpulyk/.m2/repository/com/github/mifmif/generex/1.0.2/generex-1.0.2.jar:/Users/pavelpulyk/.m2/repository/dk/brics/automaton/automaton/1.11-8/automaton-1.11-8.jar:"/>
    <property name="sun.cpu.endian" value="little"/>
    <property name="user.home" value="/Users/pavelpulyk"/>
    <property name="user.language" value="ru"/>
    <property name="java.specification.vendor" value="Oracle Corporation"/>
    <property name="java.version.date" value="2021-07-20"/>
    <property name="java.home" value="/Users/pavelpulyk/Library/Java/JavaVirtualMachines/azul-16.0.2/Contents/Home"/>
    <property name="file.separator" value="/"/>
    <property name="basedir" value="/Users/pavelpulyk/IdeaProjects/tets-for-job"/>
    <property name="java.vm.compressedOopsMode" value="Zero based"/>
    <property name="line.separator" value="&#10;"/>
    <property name="java.vm.specification.vendor" value="Oracle Corporation"/>
    <property name="java.specification.name" value="Java Platform API Specification"/>
    <property name="surefire.real.class.path" value="/Users/pavelpulyk/IdeaProjects/tets-for-job/target/surefire/surefirebooter4917385952347144739.jar"/>
    <property name="sun.management.compiler" value="HotSpot 64-Bit Tiered Compilers"/>
    <property name="ftp.nonProxyHosts" value="local|*.local|169.254/16|*.169.254/16"/>
    <property name="java.runtime.version" value="16.0.2+7"/>
    <property name="user.name" value="pavelpulyk"/>
    <property name="path.separator" value=":"/>
    <property name="os.version" value="10.15.7"/>
    <property name="java.runtime.name" value="OpenJDK Runtime Environment"/>
    <property name="file.encoding" value="UTF-8"/>
    <property name="java.vm.name" value="OpenJDK 64-Bit Server VM"/>
    <property name="java.vendor.version" value="Zulu16.32+15-CA"/>
    <property name="localRepository" value="/Users/pavelpulyk/.m2/repository"/>
    <property name="java.vendor.url.bug" value="http://www.azul.com/support/"/>
    <property name="java.io.tmpdir" value="/var/folders/kr/kf9s0gzj7yn7bs2ykf732vh00000gn/T/"/>
    <property name="idea.version" value="2021.2.4"/>
    <property name="java.version" value="16.0.2"/>
    <property name="user.dir" value="/Users/pavelpulyk/IdeaProjects/tets-for-job"/>
    <property name="os.arch" value="x86_64"/>
    <property name="java.vm.specification.name" value="Java Virtual Machine Specification"/>
    <property name="java.library.path" value="/Users/pavelpulyk/Library/Java/Extensions:/Library/Java/Extensions:/Network/Library/Java/Extensions:/System/Library/Java/Extensions:/usr/lib/java:."/>
    <property name="junit.jupiter.extensions.autodetection.enabled" value="true"/>
    <property name="java.vm.info" value="mixed mode, sharing"/>
    <property name="java.vendor" value="Azul Systems, Inc."/>
    <property name="java.vm.version" value="16.0.2+7"/>
    <property name="sun.io.unicode.encoding" value="UnicodeBig"/>
    <property name="socksNonProxyHosts" value="local|*.local|169.254/16|*.169.254/16"/>
    <property name="java.class.version" value="60.0"/>
  </properties>
  <testcase name="shouldAnswerWithTrue" classname="org.example.AppTest" time="0.533"/>
</testsuite>